[37m[T]  2018-05-17 19:48:42 999 main.go:6 trace ... ... [0m
[34m[D]  2018-05-17 19:48:42 999 main.go:7 debug ... ... [0m
[36m[I]  2018-05-17 19:48:42 999 main.go:8 info  ... ... [0m
[33m[W]  2018-05-17 19:48:42 999 main.go:9 warn  ... ... [0m
[31m[E]  2018-05-17 19:48:42 999 main.go:10 error ... ... [0m
[37m[T]  2018-05-17 19:48:47 999 main.go:6 trace ... ... [0m
[34m[D]  2018-05-17 19:48:47 999 main.go:7 debug ... ... [0m
[36m[I]  2018-05-17 19:48:47 999 main.go:8 info  ... ... [0m
[33m[W]  2018-05-17 19:48:47 999 main.go:9 warn  ... ... [0m
[31m[E]  2018-05-17 19:48:47 999 main.go:10 error ... ... [0m
[37m[T]  2018-05-17 20:01:07 999 main.go:6 trace ... ... [0m
[34m[D]  2018-05-17 20:01:07 999 main.go:7 debug ... ... [0m
[36m[I]  2018-05-17 20:01:07 999 main.go:8 info  ... ... [0m
[33m[W]  2018-05-17 20:01:07 999 main.go:9 warn  ... ... [0m
[31m[E]  2018-05-17 20:01:07 999 main.go:10 error ... ... [0m
[37m[T]  2018-05-17 20:25:48 999 main.go:6 trace ... ... [0m
[34m[D]  2018-05-17 20:25:48 999 main.go:7 debug ... ... [0m
[36m[I]  2018-05-17 20:25:48 999 main.go:8 info  ... ... [0m
[33m[W]  2018-05-17 20:25:48 999 main.go:9 warn  ... ... [0m
[31m[E]  2018-05-17 20:25:48 999 main.go:10 error ... ... [0m
[37m[T]  2018-05-31 21:06:27 999 main.go:6 trace ... ... [0m
[34m[D]  2018-05-31 21:06:27 999 main.go:7 debug ... ... [0m
[36m[I]  2018-05-31 21:06:27 999 main.go:8 info  ... ... [0m
[33m[W]  2018-05-31 21:06:27 999 main.go:9 warn  ... ... [0m
[31m[E]  2018-05-31 21:06:27 999 main.go:10 error ... ... [0m
[37m[T]  2018-07-12 15:04:49 999 main.go:6 trace ... ... [0m
[34m[D]  2018-07-12 15:04:49 999 main.go:7 debug ... ... [0m
[36m[I]  2018-07-12 15:04:49 999 main.go:8 info  ... ... [0m
[33m[W]  2018-07-12 15:04:49 999 main.go:9 warn  ... ... [0m
[31m[E]  2018-07-12 15:04:49 999 main.go:10 error ... ... [0m
